0 info it worked if it ends with ok
1 verbose cli [ '/usr/bin/node', '/usr/bin/npm', 'start' ]
2 info using npm@1.4.28
3 info using node@v0.10.37
4 verbose node symlink /usr/bin/node
5 verbose run-script [ 'prestart', 'start', 'poststart' ]
6 info prestart moviebase@0.1.0
7 info start moviebase@0.1.0
8 verbose unsafe-perm in lifecycle true
9 info moviebase@0.1.0 Failed to exec start script
10 error moviebase@0.1.0 start: `node server.js`
10 error Exit status 1
11 error Failed at the moviebase@0.1.0 start script.
11 error This is most likely a problem with the moviebase package,
11 error not with npm itself.
11 error Tell the author that this fails on your system:
11 error     node server.js
11 error You can get their info via:
11 error     npm owner ls moviebase
11 error There is likely additional logging output above.
12 error System Linux 3.16.0-55-generic
13 error command "/usr/bin/node" "/usr/bin/npm" "start"
14 error cwd /home/sunil/Desktop/MovieApp/moviebase
15 error node -v v0.10.37
16 error npm -v 1.4.28
17 error code ELIFECYCLE
18 verbose exit [ 1, true ]
